
              }
          },
  
          async autoClassify() {
              try {
                  const res = await fetch('/control/api/auto-classify', { method: 'POST' });
                  const data = await res.json();
                  this.toast(`⚡ ${data.classified} productos auto-clasificados`);
                  this.loadProducts(this.currentPage);
                  this.loadSummary();
              } catch (e) {
                  console.error('Error auto-classifying:', e);
              }
          },
  
          async openDetail(productId) {
              this.newTaraNeto = '';
              this.newTaraVal = '';
              try {
                  const res = await fetch(`/control/api/products/${productId}`);
                  let dp = await res.json();
                  if (dp.tara_history) {
                      dp.tara_history.forEach(t => {
                          if (t.tara_kg < 0) t.deleted = true;
                      });
                  }
                  dp.lote_date = dp.lote_date || '';
                  dp.lote_reinspection_date = dp.lote_reinspection_date || '';
                  this.detailProduct = dp;
                  this.autoFillDetailReinspectionFromElab();
>                 this.showDetailModal = true;
              } catch (e) {
                  console.error('Error loading detail:', e);
              }
          },
          

